<?xml version="1.0" encoding="UTF-8"?>
<!-- Generated by org.testng.reporters.JUnitReportReporter -->
<testsuite hostname="NOI-665BNN2" failures="0" tests="1" name="Login.Login" time="10.037" errors="0" timestamp="2021-05-26T16:23:11 IST" skipped="0">
  <testcase classname="Login.Login" name="loging" time="10.037"/>
  <system-out/>
</testsuite> <!-- Login.Login -->
