<?xml version="1.0" encoding="UTF-8"?>
<!-- Generated by org.testng.reporters.JUnitReportReporter -->
<testsuite hostname="NOI-665BNN2" failures="0" tests="1" name="MainPackage.ExtentDemo" time="9.199" errors="0" timestamp="2021-05-24T09:25:55 IST" skipped="0">
  <testcase classname="MainPackage.ExtentDemo" name="extentReportsDemo" time="9.199"/>
  <system-out/>
</testsuite> <!-- MainPackage.ExtentDemo -->
