<?xml version="1.0" encoding="UTF-8"?>
<!-- Generated by org.testng.reporters.JUnitReportReporter -->
<testsuite hostname="NOI-665BNN2" failures="0" tests="1" name="BookFlight.Flights" time="49.614" errors="0" timestamp="2021-05-26T16:23:11 IST" skipped="0">
  <testcase classname="BookFlight.Flights" name="bookflight" time="49.614"/>
  <system-out/>
</testsuite> <!-- BookFlight.Flights -->
